Build started 11/15/2012 11:16:06 AM.
     1>Project "C:\Users\mjsenter\Documents\Com S 336\lighting\RenderUtils\RenderUtils.vcxproj" on node 2 (build target(s)).
     1>InitializeBuildStatus:
         Creating "Debug\RenderUtils.unsuccessfulbuild" because "AlwaysCreate" was specified.
       ClCompile:
         All outputs are up-to-date.
         All outputs are up-to-date.
       Lib:
         c:\Program Files (x86)\Microsoft Visual Studio 10.0\VC\bin\Lib.exe /OUT:"C:\Users\mjsenter\Documents\Com S 336\lighting\Debug\RenderUtils.lib" /LIBPATH:..\lib\windows /NOLOGO Debug\Camera.obj
         Debug\DepthTexture2D.obj
         Debug\FrameBuffer.obj
         Debug\Noise.obj
         Debug\ObjFile.obj
         Debug\perlin.obj
         Debug\Shader.obj
         Debug\stb_image.obj
         Debug\Texture.obj
         Debug\Texture1D.obj
         Debug\Texture2D.obj
         Debug\Texture3D.obj
         Debug\TextureCube.obj
         Debug\VertexArray.obj
         RenderUtils.vcxproj -> C:\Users\mjsenter\Documents\Com S 336\lighting\Debug\RenderUtils.lib
       FinalizeBuildStatus:
         Deleting file "Debug\RenderUtils.unsuccessfulbuild".
         Touching "Debug\RenderUtils.lastbuildstate".
     1>Done Building Project "C:\Users\mjsenter\Documents\Com S 336\lighting\RenderUtils\RenderUtils.vcxproj" (build target(s)).

Build succeeded.

Time Elapsed 00:00:01.40
